{"name": "test_failure", "status": "failed", "statusDetails": {"message": "AssertionError: assert 3 == 4", "trace": "@allure.epic(\"EPIC_1\")\n    @allure.parent_suite('Parent Suite 1')\n    @pytest.mark.basic_sanity\n    def test_failure():\n        allure.dynamic.suite(\"SUITE_1\")\n        print(\"TC failure here\")\n>       assert 3 == 4\nE       assert 3 == 4\n\ntest_calculator.py:47: AssertionError"}, "attachments": [{"name": "stdout", "source": "a08b6901-69b2-420d-a6bf-5f25b6509921-attachment.txt", "type": "text/plain"}], "start": 1693993690300, "stop": 1693993690300, "uuid": "559eeee6-1fdc-4af6-af50-9c5f6301f8ee", "historyId": "2b9180ad6a4e73145c7220e56ef622f9", "testCaseId": "2b9180ad6a4e73145c7220e56ef622f9", "fullName": "test_calculator#test_failure", "labels": [{"name": "suite", "value": "SUITE_1"}, {"name": "parentSuite", "value": "Parent Suite 1"}, {"name": "epic", "value": "EPIC_1"}, {"name": "tag", "value": "basic_sanity"}, {"name": "host", "value": "fv-az400-235"}, {"name": "thread", "value": "2070-MainThread"}, {"name": "framework", "value": "pytest"}, {"name": "language", "value": "cpython3"}, {"name": "package", "value": "test_calculator"}]}