{"name": "Test Failure", "status": "failed", "statusDetails": {"message": "AssertionError: assert 3 == 4", "trace": "@allure.epic(\"EPIC_1\")\n    @allure.parent_suite('Parent Suite 1')\n    @allure.feature(\"Calculator Tests\")\n    @allure.title(\"Test Failure\")\n    def test_failure():\n        print(\"TC failure here\")\n>       assert 3 == 4\nE       assert 3 == 4\n\ntest_calculator.py:70: AssertionError"}, "attachments": [{"name": "stdout", "source": "55f6d3dd-53ef-477d-aca2-2a148c1ab35b-attachment.txt", "type": "text/plain"}], "start": 1692910596749, "stop": 1692910596749, "uuid": "708e2b95-6c5e-4a09-a9b0-fc42fc1b260e", "historyId": "40f82a43fa696d58206e6d8311350a08", "testCaseId": "40f82a43fa696d58206e6d8311350a08", "fullName": "github-actions.pytest-allure-github-actions.test_calculator#test_failure", "labels": [{"name": "epic", "value": "EPIC_1"}, {"name": "feature", "value": "Calculator Tests"}, {"name": "parentSuite", "value": "Parent Suite 1"}, {"name": "suite", "value": "test_calculator"}, {"name": "host", "value": "blr-mpz39"}, {"name": "thread", "value": "3489-MainThread"}, {"name": "framework", "value": "pytest"}, {"name": "language", "value": "cpython3"}, {"name": "package", "value": "github-actions.pytest-allure-github-actions.test_calculator"}]}