{"name": "Test Failure", "status": "failed", "statusDetails": {"message": "AssertionError: assert 3 == 4", "trace": "calculator = <test_calculator.Calculator object at 0x7f9c27d96580>\n\n    @allure.title(\"Test Failure\")\n    def test_division(calculator):\n        print(\"TC failure here\")\n>       assert 3 == 4\nE       assert 3 == 4\n\ntest_calculator.py:53: AssertionError"}, "attachments": [{"name": "stdout", "source": "13adab50-8b0b-468f-9a24-f20e7cdc91ec-attachment.txt", "type": "text/plain"}], "start": 1692893658004, "stop": 1692893658004, "uuid": "408bd55c-58cf-4292-84a7-221a2f2e0d82", "historyId": "57062f155893155a9eac628ff066fe81", "testCaseId": "57062f155893155a9eac628ff066fe81", "fullName": "test_calculator#test_division", "labels": [{"name": "suite", "value": "test_calculator"}, {"name": "host", "value": "fv-az803-386"}, {"name": "thread", "value": "2062-MainThread"}, {"name": "framework", "value": "pytest"}, {"name": "language", "value": "cpython3"}, {"name": "package", "value": "test_calculator"}]}