{"name": "test_failure", "status": "failed", "statusDetails": {"message": "AssertionError: assert 3 == 4", "trace": "@allure.epic(\"EPIC_1\")\n    @allure.parent_suite('Parent Suite 1')\n    @pytest.mark.basic_sanity\n    def test_failure():\n        allure.dynamic.suite(\"SUITE_1\")\n        print(\"TC failure here\")\n>       assert 3 == 4\nE       assert 3 == 4\n\ntest_calculator.py:47: AssertionError"}, "attachments": [{"name": "stdout", "source": "537e8be9-3e9f-438c-be58-502d8c76d87f-attachment.txt", "type": "text/plain"}], "start": 1693947204161, "stop": 1693947204162, "uuid": "de05489c-8e73-4f62-b633-8040b3e6dba7", "historyId": "2b9180ad6a4e73145c7220e56ef622f9", "testCaseId": "2b9180ad6a4e73145c7220e56ef622f9", "fullName": "test_calculator#test_failure", "labels": [{"name": "suite", "value": "SUITE_1"}, {"name": "parentSuite", "value": "Parent Suite 1"}, {"name": "epic", "value": "EPIC_1"}, {"name": "tag", "value": "basic_sanity"}, {"name": "host", "value": "fv-az363-630"}, {"name": "thread", "value": "2077-MainThread"}, {"name": "framework", "value": "pytest"}, {"name": "language", "value": "cpython3"}, {"name": "package", "value": "test_calculator"}]}