{"name": "test_failure", "status": "failed", "statusDetails": {"message": "AssertionError: assert 3 == 4", "trace": "@allure.epic(\"EPIC_1\")\n    @allure.parent_suite('Parent Suite 1')\n    @pytest.mark.basic_sanity\n    def test_failure():\n        allure.dynamic.suite(\"SUITE_1\")\n        print(\"TC failure here\")\n>       assert 3 == 4\nE       assert 3 == 4\n\ntest_calculator.py:47: AssertionError"}, "attachments": [{"name": "stdout", "source": "9421f5d0-31a9-49c7-b956-3e9f10f70809-attachment.txt", "type": "text/plain"}], "start": 1693975996506, "stop": 1693975996506, "uuid": "6daa9f23-36dd-4514-b34b-14ec87f2cc0a", "historyId": "2b9180ad6a4e73145c7220e56ef622f9", "testCaseId": "2b9180ad6a4e73145c7220e56ef622f9", "fullName": "test_calculator#test_failure", "labels": [{"name": "suite", "value": "SUITE_1"}, {"name": "epic", "value": "EPIC_1"}, {"name": "parentSuite", "value": "Parent Suite 1"}, {"name": "tag", "value": "basic_sanity"}, {"name": "host", "value": "fv-az883-217"}, {"name": "thread", "value": "2068-MainThread"}, {"name": "framework", "value": "pytest"}, {"name": "language", "value": "cpython3"}, {"name": "package", "value": "test_calculator"}]}