{"name": "Test Failure", "status": "failed", "statusDetails": {"message": "AssertionError: assert 3 == 4", "trace": "calculator = <test_calculator.Calculator object at 0x7f22210b6a60>\n\n    @allure.title(\"Test Failure\")\n    def test_division(calculator):\n        print(\"TC failure here\")\n>       assert 3 == 4\nE       assert 3 == 4\n\ntest_calculator.py:53: AssertionError"}, "attachments": [{"name": "stdout", "source": "3eaf69a5-c32f-4ac9-94a0-1a543acf3c2b-attachment.txt", "type": "text/plain"}], "start": 1692908610999, "stop": 1692908611000, "uuid": "a16603f0-804d-438c-b2b7-efdfc97f5354", "historyId": "57062f155893155a9eac628ff066fe81", "testCaseId": "57062f155893155a9eac628ff066fe81", "fullName": "test_calculator#test_division", "labels": [{"name": "suite", "value": "test_calculator"}, {"name": "host", "value": "fv-az267-568"}, {"name": "thread", "value": "2100-MainThread"}, {"name": "framework", "value": "pytest"}, {"name": "language", "value": "cpython3"}, {"name": "package", "value": "test_calculator"}]}