{"name": "Test Failure", "status": "failed", "statusDetails": {"message": "AssertionError: assert 3 == 4", "trace": "calculator = <test_calculator.Calculator object at 0x7f1b3c853a90>\n\n    @allure.title(\"Test Failure\")\n    def test_division(calculator):\n        print(\"TC failure here\")\n>       assert 3 == 4\nE       assert 3 == 4\n\ntest_calculator.py:53: AssertionError"}, "attachments": [{"name": "stdout", "source": "670f303f-8f50-4ed5-b426-3f9290d5f652-attachment.txt", "type": "text/plain"}], "start": 1692897281394, "stop": 1692897281395, "uuid": "e60f1965-09b7-4405-8394-8df958158ba9", "historyId": "57062f155893155a9eac628ff066fe81", "testCaseId": "57062f155893155a9eac628ff066fe81", "fullName": "test_calculator#test_division", "labels": [{"name": "suite", "value": "test_calculator"}, {"name": "host", "value": "fv-az206-922"}, {"name": "thread", "value": "2045-MainThread"}, {"name": "framework", "value": "pytest"}, {"name": "language", "value": "cpython3"}, {"name": "package", "value": "test_calculator"}]}