{"name": "Test Failure", "status": "failed", "statusDetails": {"message": "AssertionError: assert 3 == 4", "trace": "calculator = <test_calculator.Calculator object at 0x7fa7ff2a1580>\n\n    @allure.title(\"Test Failure\")\n    def test_division(calculator):\n        print(\"TC failure here\")\n>       assert 3 == 4\nE       assert 3 == 4\n\ntest_calculator.py:53: AssertionError"}, "attachments": [{"name": "stdout", "source": "6fb0cded-8380-4012-8ef0-1fae0eb4ed89-attachment.txt", "type": "text/plain"}], "start": 1692893927230, "stop": 1692893927230, "uuid": "1139bb9d-45eb-44d3-89ed-fd78514c3f5d", "historyId": "57062f155893155a9eac628ff066fe81", "testCaseId": "57062f155893155a9eac628ff066fe81", "fullName": "test_calculator#test_division", "labels": [{"name": "suite", "value": "test_calculator"}, {"name": "host", "value": "fv-az453-348"}, {"name": "thread", "value": "2109-MainThread"}, {"name": "framework", "value": "pytest"}, {"name": "language", "value": "cpython3"}, {"name": "package", "value": "test_calculator"}]}