{"name": "test_failure", "status": "failed", "statusDetails": {"message": "AssertionError: assert 3 == 4", "trace": "@allure.epic(\"EPIC_1\")\n    @allure.parent_suite('Parent Suite 1')\n    @pytest.mark.basic_sanity\n    def test_failure():\n        allure.dynamic.suite(\"SUITE_1\")\n        print(\"TC failure here\")\n>       assert 3 == 4\nE       assert 3 == 4\n\ntest_calculator.py:47: AssertionError"}, "attachments": [{"name": "stdout", "source": "533c30dc-6a77-4706-9440-6b90e43902e4-attachment.txt", "type": "text/plain"}], "start": 1694114992087, "stop": 1694114992087, "uuid": "bcba8b97-7eb1-4726-8daf-efca6e0276ea", "historyId": "2b9180ad6a4e73145c7220e56ef622f9", "testCaseId": "2b9180ad6a4e73145c7220e56ef622f9", "fullName": "test_calculator#test_failure", "labels": [{"name": "suite", "value": "SUITE_1"}, {"name": "epic", "value": "EPIC_1"}, {"name": "parentSuite", "value": "Parent Suite 1"}, {"name": "tag", "value": "basic_sanity"}, {"name": "host", "value": "fv-az389-7"}, {"name": "thread", "value": "2121-MainThread"}, {"name": "framework", "value": "pytest"}, {"name": "language", "value": "cpython3"}, {"name": "package", "value": "test_calculator"}]}