{"name": "Test Failure", "status": "failed", "statusDetails": {"message": "AssertionError: assert 3 == 4", "trace": "@allure.epic(\"EPIC_1\")\n    @allure.parent_suite('Parent Suite 1')\n    @allure.feature(\"Calculator Tests\")\n    @allure.title(\"Test Failure\")\n    def test_failure():\n        print(\"TC failure here\")\n>       assert 3 == 4\nE       assert 3 == 4\n\ntest_calculator.py:70: AssertionError"}, "attachments": [{"name": "stdout", "source": "9a230ed8-281f-42d4-9a22-5a10c0958cb3-attachment.txt", "type": "text/plain"}], "start": 1692910182964, "stop": 1692910182964, "uuid": "6dc62fc1-d0bc-42d2-b778-a93dc9d01490", "historyId": "2b9180ad6a4e73145c7220e56ef622f9", "testCaseId": "2b9180ad6a4e73145c7220e56ef622f9", "fullName": "test_calculator#test_failure", "labels": [{"name": "parentSuite", "value": "Parent Suite 1"}, {"name": "epic", "value": "EPIC_1"}, {"name": "feature", "value": "Calculator Tests"}, {"name": "suite", "value": "test_calculator"}, {"name": "host", "value": "fv-az359-854"}, {"name": "thread", "value": "2059-MainThread"}, {"name": "framework", "value": "pytest"}, {"name": "language", "value": "cpython3"}, {"name": "package", "value": "test_calculator"}]}