{"name": "Test Failure", "status": "failed", "statusDetails": {"message": "AssertionError: assert 3 == 4", "trace": "calculator = <test_calculator.Calculator object at 0x7fae412ee940>\n\n    @allure.title(\"Test Failure\")\n    def test_division(calculator):\n        print(\"TC failure here\")\n>       assert 3 == 4\nE       assert 3 == 4\n\ntest_calculator.py:53: AssertionError"}, "attachments": [{"name": "stdout", "source": "b13ff694-052e-4b2c-ad3c-1a62f5ca6160-attachment.txt", "type": "text/plain"}], "start": 1692895529329, "stop": 1692895529329, "uuid": "130ee661-f59c-4730-9cc4-900a5e9af903", "historyId": "57062f155893155a9eac628ff066fe81", "testCaseId": "57062f155893155a9eac628ff066fe81", "fullName": "test_calculator#test_division", "labels": [{"name": "suite", "value": "test_calculator"}, {"name": "host", "value": "fv-az797-48"}, {"name": "thread", "value": "2061-MainThread"}, {"name": "framework", "value": "pytest"}, {"name": "language", "value": "cpython3"}, {"name": "package", "value": "test_calculator"}]}