{"name": "test_function_3", "status": "failed", "statusDetails": {"message": "AssertionError: assert 3 == 4", "trace": "@allure.epic(\"EPIC_1\")\n    @allure.parent_suite('Parent Suite 1')\n    @pytest.mark.sanity\n    @pytest.mark.master\n    @pytest.mark.basic_sanity\n    def test_function_3():\n        \"\"\" Test function three 3 \"\"\"\n        allure.dynamic.suite(\"SUITE_1\")\n>       assert 3==4\nE       assert 3 == 4\n\ntest_cases.py:34: AssertionError"}, "description": " Test function three 3 ", "start": 1692122264572, "stop": 1692122264572, "uuid": "b71908e7-df15-4fe2-9e14-151b500f13bb", "historyId": "030261a8a51ad189f8a467aafa9b6394", "testCaseId": "030261a8a51ad189f8a467aafa9b6394", "fullName": "github-actions.pytest-allure-github-actions.test_cases#test_function_3", "labels": [{"name": "suite", "value": "SUITE_1"}, {"name": "epic", "value": "EPIC_1"}, {"name": "parentSuite", "value": "Parent Suite 1"}, {"name": "tag", "value": "basic_sanity"}, {"name": "tag", "value": "master"}, {"name": "tag", "value": "sanity"}, {"name": "host", "value": "blr-mpz39"}, {"name": "thread", "value": "49986-MainThread"}, {"name": "framework", "value": "pytest"}, {"name": "language", "value": "cpython3"}, {"name": "package", "value": "github-actions.pytest-allure-github-actions.test_cases"}]}