{
  "uid" : "41300271d5a47cca",
  "name" : "test_failure",
  "fullName" : "github-actions.pytest-allure-github-actions.test_calculator#test_failure",
  "historyId" : "40f82a43fa696d58206e6d8311350a08",
  "time" : {
    "start" : 1692912283831,
    "stop" : 1692912283832,
    "duration" : 1
  },
  "status" : "failed",
  "statusMessage" : "AssertionError: assert 3 == 4",
  "statusTrace" : "@allure.epic(\"EPIC_1\")\n    @allure.parent_suite('Parent Suite 1')\n    @allure.feature(\"Calculator Tests\")\n    @pytest.mark.basic_sanity\n    def test_failure():\n        allure.dynamic.suite(\"SUITE_1\")\n        print(\"TC failure here\")\n>       assert 3 == 4\nE       assert 3 == 4\n\ntest_calculator.py:52: AssertionError",
  "flaky" : false,
  "newFailed" : false,
  "beforeStages" : [ ],
  "testStage" : {
    "status" : "failed",
    "statusMessage" : "AssertionError: assert 3 == 4",
    "statusTrace" : "@allure.epic(\"EPIC_1\")\n    @allure.parent_suite('Parent Suite 1')\n    @allure.feature(\"Calculator Tests\")\n    @pytest.mark.basic_sanity\n    def test_failure():\n        allure.dynamic.suite(\"SUITE_1\")\n        print(\"TC failure here\")\n>       assert 3 == 4\nE       assert 3 == 4\n\ntest_calculator.py:52: AssertionError",
    "steps" : [ ],
    "attachments" : [ {
      "uid" : "3f0981db592d255e",
      "name" : "stdout",
      "source" : "3f0981db592d255e.txt",
      "type" : "text/plain",
      "size" : 16
    } ],
    "parameters" : [ ],
    "stepsCount" : 0,
    "attachmentsCount" : 1,
    "shouldDisplayMessage" : true,
    "hasContent" : true
  },
  "afterStages" : [ ],
  "labels" : [ {
    "name" : "suite",
    "value" : "SUITE_1"
  }, {
    "name" : "feature",
    "value" : "Calculator Tests"
  }, {
    "name" : "parentSuite",
    "value" : "Parent Suite 1"
  }, {
    "name" : "epic",
    "value" : "EPIC_1"
  }, {
    "name" : "tag",
    "value" : "basic_sanity"
  }, {
    "name" : "host",
    "value" : "blr-mpz39"
  }, {
    "name" : "thread",
    "value" : "5392-MainThread"
  }, {
    "name" : "framework",
    "value" : "pytest"
  }, {
    "name" : "language",
    "value" : "cpython3"
  }, {
    "name" : "package",
    "value" : "github-actions.pytest-allure-github-actions.test_calculator"
  }, {
    "name" : "resultFormat",
    "value" : "allure2"
  } ],
  "parameters" : [ ],
  "links" : [ ],
  "hidden" : false,
  "retry" : false,
  "extra" : {
    "severity" : "normal",
    "retries" : [ ],
    "categories" : [ {
      "name" : "Product defects",
      "matchedStatuses" : [ ],
      "flaky" : false
    } ],
    "history" : {
      "statistic" : {
        "failed" : 5,
        "broken" : 0,
        "skipped" : 0,
        "passed" : 0,
        "unknown" : 0,
        "total" : 5
      },
      "items" : [ {
        "uid" : "60a5b764e8a49640",
        "status" : "failed",
        "statusDetails" : "AssertionError: assert 3 == 4",
        "time" : {
          "start" : 1692912283831,
          "stop" : 1692912283832,
          "duration" : 1
        }
      }, {
        "uid" : "d5d6a4a38478eea3",
        "status" : "failed",
        "statusDetails" : "AssertionError: assert 3 == 4",
        "time" : {
          "start" : 1692912283831,
          "stop" : 1692912283832,
          "duration" : 1
        }
      }, {
        "uid" : "d615d4ac9c7f3f0",
        "status" : "failed",
        "statusDetails" : "AssertionError: assert 3 == 4",
        "time" : {
          "start" : 1692912283831,
          "stop" : 1692912283832,
          "duration" : 1
        }
      }, {
        "uid" : "301df7474f90e3d9",
        "status" : "failed",
        "statusDetails" : "AssertionError: assert 3 == 4",
        "time" : {
          "start" : 1692910596749,
          "stop" : 1692910596749,
          "duration" : 0
        }
      } ]
    },
    "tags" : [ "basic_sanity" ]
  },
  "source" : "41300271d5a47cca.json",
  "parameterValues" : [ ]
}