{
  "uid" : "9959e43eef1c89b5",
  "name" : "test_failure",
  "fullName" : "test_calculator#test_failure",
  "historyId" : "2b9180ad6a4e73145c7220e56ef622f9",
  "time" : {
    "start" : 1692916265676,
    "stop" : 1692916265676,
    "duration" : 0
  },
  "status" : "failed",
  "statusMessage" : "AssertionError: assert 3 == 4",
  "statusTrace" : "@allure.epic(\"EPIC_1\")\n    @allure.parent_suite('Parent Suite 1')\n    @pytest.mark.basic_sanity\n    def test_failure():\n        allure.dynamic.suite(\"SUITE_1\")\n        print(\"TC failure here\")\n>       assert 3 == 4\nE       assert 3 == 4\n\ntest_calculator.py:47: AssertionError",
  "flaky" : false,
  "newFailed" : false,
  "beforeStages" : [ ],
  "testStage" : {
    "status" : "failed",
    "statusMessage" : "AssertionError: assert 3 == 4",
    "statusTrace" : "@allure.epic(\"EPIC_1\")\n    @allure.parent_suite('Parent Suite 1')\n    @pytest.mark.basic_sanity\n    def test_failure():\n        allure.dynamic.suite(\"SUITE_1\")\n        print(\"TC failure here\")\n>       assert 3 == 4\nE       assert 3 == 4\n\ntest_calculator.py:47: AssertionError",
    "steps" : [ ],
    "attachments" : [ {
      "uid" : "5a032429ea3a4366",
      "name" : "stdout",
      "source" : "5a032429ea3a4366.txt",
      "type" : "text/plain",
      "size" : 16
    } ],
    "parameters" : [ ],
    "stepsCount" : 0,
    "attachmentsCount" : 1,
    "shouldDisplayMessage" : true,
    "hasContent" : true
  },
  "afterStages" : [ ],
  "labels" : [ {
    "name" : "suite",
    "value" : "SUITE_1"
  }, {
    "name" : "epic",
    "value" : "EPIC_1"
  }, {
    "name" : "parentSuite",
    "value" : "Parent Suite 1"
  }, {
    "name" : "tag",
    "value" : "basic_sanity"
  }, {
    "name" : "host",
    "value" : "fv-az713-441"
  }, {
    "name" : "thread",
    "value" : "2039-MainThread"
  }, {
    "name" : "framework",
    "value" : "pytest"
  }, {
    "name" : "language",
    "value" : "cpython3"
  }, {
    "name" : "package",
    "value" : "test_calculator"
  }, {
    "name" : "resultFormat",
    "value" : "allure2"
  } ],
  "parameters" : [ ],
  "links" : [ ],
  "hidden" : false,
  "retry" : false,
  "extra" : {
    "severity" : "normal",
    "retries" : [ {
      "uid" : "4e7e7b7391a8349a",
      "status" : "failed",
      "statusDetails" : "AssertionError: assert 3 == 4",
      "time" : {
        "start" : 1692915539097,
        "stop" : 1692915539098,
        "duration" : 1
      }
    }, {
      "uid" : "8b2cb3bd88dc1e83",
      "status" : "failed",
      "statusDetails" : "AssertionError: assert 3 == 4",
      "time" : {
        "start" : 1692914351017,
        "stop" : 1692914351017,
        "duration" : 0
      }
    }, {
      "uid" : "8799b87d15c82713",
      "status" : "failed",
      "statusDetails" : "AssertionError: assert 3 == 4",
      "time" : {
        "start" : 1692913653644,
        "stop" : 1692913653644,
        "duration" : 0
      }
    }, {
      "uid" : "d9f1b774641fbdfd",
      "status" : "failed",
      "statusDetails" : "AssertionError: assert 3 == 4",
      "time" : {
        "start" : 1692912646680,
        "stop" : 1692912646681,
        "duration" : 1
      }
    } ],
    "categories" : [ {
      "name" : "Product defects",
      "matchedStatuses" : [ ],
      "flaky" : false
    } ],
    "history" : {
      "statistic" : {
        "failed" : 5,
        "broken" : 0,
        "skipped" : 0,
        "passed" : 0,
        "unknown" : 0,
        "total" : 5
      },
      "items" : [ {
        "uid" : "32962924e1d3239f",
        "status" : "failed",
        "statusDetails" : "AssertionError: assert 3 == 4",
        "time" : {
          "start" : 1692915539097,
          "stop" : 1692915539098,
          "duration" : 1
        }
      }, {
        "uid" : "7ab4838280172675",
        "status" : "failed",
        "statusDetails" : "AssertionError: assert 3 == 4",
        "time" : {
          "start" : 1692914351017,
          "stop" : 1692914351017,
          "duration" : 0
        }
      }, {
        "uid" : "98fc0d41153d24bd",
        "status" : "failed",
        "statusDetails" : "AssertionError: assert 3 == 4",
        "time" : {
          "start" : 1692913653644,
          "stop" : 1692913653644,
          "duration" : 0
        }
      }, {
        "uid" : "10e6a29e9fb4acff",
        "status" : "failed",
        "statusDetails" : "AssertionError: assert 3 == 4",
        "time" : {
          "start" : 1692912646680,
          "stop" : 1692912646681,
          "duration" : 1
        }
      } ]
    },
    "tags" : [ "basic_sanity" ]
  },
  "source" : "9959e43eef1c89b5.json",
  "parameterValues" : [ ]
}