{"name": "test_function_3", "status": "failed", "statusDetails": {"message": "AssertionError: assert 3 == 4", "trace": "@allure.epic(\"EPIC_1\")\n    @allure.parent_suite('Parent Suite 1')\n    @pytest.mark.sanity\n    @pytest.mark.master\n    @pytest.mark.basic_sanity\n    def test_function_3():\n        \"\"\" Test function three 3 \"\"\"\n        allure.dynamic.suite(\"SUITE_1\")\n>       assert 3==4\nE       assert 3 == 4\n\ntest_cases.py:34: AssertionError"}, "description": " Test function three 3 ", "start": 1692807117173, "stop": 1692807117173, "uuid": "1b51c38a-243b-424b-8612-37852efafe80", "historyId": "3b26660cae1a76b3c30f4a25827be2fb", "testCaseId": "3b26660cae1a76b3c30f4a25827be2fb", "fullName": "test_cases#test_function_3", "labels": [{"name": "suite", "value": "SUITE_1"}, {"name": "parentSuite", "value": "Parent Suite 1"}, {"name": "epic", "value": "EPIC_1"}, {"name": "tag", "value": "basic_sanity"}, {"name": "tag", "value": "master"}, {"name": "tag", "value": "sanity"}, {"name": "host", "value": "fv-az399-772"}, {"name": "thread", "value": "2071-MainThread"}, {"name": "framework", "value": "pytest"}, {"name": "language", "value": "cpython3"}, {"name": "package", "value": "test_cases"}]}