{
  "uid" : "8b21b69ef6e5fddb",
  "name" : "test_function_3",
  "fullName" : "test_cases#test_function_3",
  "historyId" : "3b26660cae1a76b3c30f4a25827be2fb",
  "time" : {
    "start" : 1692799792678,
    "stop" : 1692799792679,
    "duration" : 1
  },
  "description" : " Test function three 3 ",
  "descriptionHtml" : "<p>Test function three 3</p>\n",
  "status" : "failed",
  "statusMessage" : "AssertionError: assert 3 == 4",
  "statusTrace" : "@allure.epic(\"EPIC_1\")\n    @allure.parent_suite('Parent Suite 1')\n    @pytest.mark.sanity\n    @pytest.mark.master\n    @pytest.mark.basic_sanity\n    def test_function_3():\n        \"\"\" Test function three 3 \"\"\"\n        allure.dynamic.suite(\"SUITE_1\")\n>       assert 3==4\nE       assert 3 == 4\n\ntest_cases.py:34: AssertionError",
  "flaky" : false,
  "newFailed" : false,
  "beforeStages" : [ ],
  "afterStages" : [ ],
  "labels" : [ {
    "name" : "suite",
    "value" : "SUITE_1"
  }, {
    "name" : "parentSuite",
    "value" : "Parent Suite 1"
  }, {
    "name" : "epic",
    "value" : "EPIC_1"
  }, {
    "name" : "tag",
    "value" : "basic_sanity"
  }, {
    "name" : "tag",
    "value" : "master"
  }, {
    "name" : "tag",
    "value" : "sanity"
  }, {
    "name" : "host",
    "value" : "fv-az176-919"
  }, {
    "name" : "thread",
    "value" : "2179-MainThread"
  }, {
    "name" : "framework",
    "value" : "pytest"
  }, {
    "name" : "language",
    "value" : "cpython3"
  }, {
    "name" : "package",
    "value" : "test_cases"
  }, {
    "name" : "resultFormat",
    "value" : "allure2"
  } ],
  "parameters" : [ ],
  "links" : [ ],
  "hidden" : false,
  "retry" : false,
  "extra" : {
    "severity" : "normal",
    "retries" : [ {
      "uid" : "5f903bd1ddc00dec",
      "status" : "failed",
      "statusDetails" : "AssertionError: assert 3 == 4",
      "time" : {
        "start" : 1692799171965,
        "stop" : 1692799171965,
        "duration" : 0
      }
    }, {
      "uid" : "36b9933ef9be711e",
      "status" : "failed",
      "statusDetails" : "AssertionError: assert 3 == 4",
      "time" : {
        "start" : 1692431943036,
        "stop" : 1692431943037,
        "duration" : 1
      }
    }, {
      "uid" : "8afd029f5ae76352",
      "status" : "failed",
      "statusDetails" : "AssertionError: assert 3 == 4",
      "time" : {
        "start" : 1692123061546,
        "stop" : 1692123061547,
        "duration" : 1
      }
    } ],
    "categories" : [ {
      "name" : "Product defects",
      "matchedStatuses" : [ ],
      "flaky" : false
    } ],
    "tags" : [ "sanity", "basic_sanity", "master" ]
  },
  "source" : "8b21b69ef6e5fddb.json",
  "parameterValues" : [ ]
}